[2023-11-27 01:31:42] request.INFO: Matched route "api_translation_value_edit". {"route":"api_translation_value_edit","route_parameters":{"_controller":"prestashop.core.api.translation.controller:translationEditAction","_legacy_controller":"AdminTranslations","_route":"api_translation_value_edit"},"request_uri":"https://localhost/adminpanel/index.php/api/translations/edit?_token=v6y9279qCnT9mqfwp1p5m9LVAoZAL6HBdaRHOyJdTTU","method":"POST"} []
[2023-11-27 01:31:42] security.DEBUG: Read existing security token from the session. {"key":"_security_main","token_class":"Symfony\\Component\\Security\\Core\\Authentication\\Token\\UsernamePasswordToken"} []
[2023-11-27 01:31:42] security.DEBUG: User was reloaded from a user provider. {"provider":"PrestaShopBundle\\Security\\Admin\\EmployeeProvider","username":"test@example.com"} []
[2023-11-27 01:31:42] app.ERROR: No result was found for query although at least one row was expected. {"object_type":"Translation"} []
[2023-11-27 01:31:42] app.ERROR: No result was found for query although at least one row was expected. {"object_type":"Translation"} []
[2023-11-27 01:31:42] app.ERROR: No result was found for query although at least one row was expected. {"object_type":"Translation"} []
[2023-11-27 01:31:42] app.ERROR: No result was found for query although at least one row was expected. {"object_type":"Translation"} []
[2023-11-27 01:31:42] cache.WARNING: Failed to clear the cache {"exception":"[object] (UnexpectedValueException(code: 0): RecursiveDirectoryIterator::__construct(/var/www/html/var/cache/prod/pools/oF4uGKF1Zr/): failed to open dir: No such file or directory at /var/www/html/vendor/symfony/symfony/src/Symfony/Component/Cache/Traits/FilesystemCommonTrait.php:58)"} []
[2023-11-27 01:31:42] cache.WARNING: Failed to clear the cache {"exception":"[object] (UnexpectedValueException(code: 0): RecursiveDirectoryIterator::__construct(/var/www/html/var/cache/prod/pools/k0V7XpDK96/): failed to open dir: No such file or directory at /var/www/html/vendor/symfony/symfony/src/Symfony/Component/Cache/Traits/FilesystemCommonTrait.php:58)"} []
[2023-11-27 01:31:42] cache.WARNING: Failed to clear the cache {"exception":"[object] (UnexpectedValueException(code: 0): RecursiveDirectoryIterator::__construct(/var/www/html/var/cache/prod/pools/+si9XZUmcI/): failed to open dir: No such file or directory at /var/www/html/vendor/symfony/symfony/src/Symfony/Component/Cache/Traits/FilesystemCommonTrait.php:58)"} []
[2023-11-27 01:31:42] cache.WARNING: Failed to clear the cache {"exception":"[object] (UnexpectedValueException(code: 0): RecursiveDirectoryIterator::__construct(/var/www/html/var/cache/prod/pools/o2NSV3WKIW/): failed to open dir: No such file or directory at /var/www/html/vendor/symfony/symfony/src/Symfony/Component/Cache/Traits/FilesystemCommonTrait.php:58)"} []
[2023-11-27 01:31:42] security.DEBUG: Stored the security token in the session. {"key":"_security_main"} []
[2023-11-27 01:32:14] request.INFO: Matched route "admin_international_translations_modify". {"route":"admin_international_translations_modify","route_parameters":{"_controller":"PrestaShopBundle\\Controller\\Admin\\TranslationsController::modifyTranslationsAction","_legacy_controller":"AdminTranslations","_route":"admin_international_translations_modify"},"request_uri":"https://localhost/adminpanel/index.php/improve/international/translations/modify?form%5B_token%5D=Q_BSQ7_xNxdQFHEtmInkrlCAKs03KPJwVENsJzbwe0E&form%5Blanguage%5D=pl&form%5Btranslation_type%5D=modules","method":"GET"} []
[2023-11-27 01:32:14] security.DEBUG: Read existing security token from the session. {"key":"_security_main","token_class":"Symfony\\Component\\Security\\Core\\Authentication\\Token\\UsernamePasswordToken"} []
[2023-11-27 01:32:14] security.DEBUG: User was reloaded from a user provider. {"provider":"PrestaShopBundle\\Security\\Admin\\EmployeeProvider","username":"test@example.com"} []
[2023-11-27 01:32:14] request.CRITICAL: Uncaught PHP Exception Symfony\Component\Debug\Exception\FatalThrowableError: "Type error: Argument 1 passed to Doctrine\Common\Cache\CacheProvider::getNamespacedId() must be of the type string, null given, called in /var/www/html/vendor/doctrine/cache/lib/Doctrine/Common/Cache/CacheProvider.php on line 107" at /var/www/html/vendor/doctrine/cache/lib/Doctrine/Common/Cache/CacheProvider.php line 174 {"exception":"[object] (Symfony\\Component\\Debug\\Exception\\FatalThrowableError(code: 0): Type error: Argument 1 passed to Doctrine\\Common\\Cache\\CacheProvider::getNamespacedId() must be of the type string, null given, called in /var/www/html/vendor/doctrine/cache/lib/Doctrine/Common/Cache/CacheProvider.php on line 107 at /var/www/html/vendor/doctrine/cache/lib/Doctrine/Common/Cache/CacheProvider.php:174)"} []
[2023-11-27 01:32:14] security.DEBUG: Stored the security token in the session. {"key":"_security_main"} []
[2023-11-27 01:32:15] request.INFO: Matched route "admin_international_translations_modify". {"route":"admin_international_translations_modify","route_parameters":{"_controller":"PrestaShopBundle\\Controller\\Admin\\TranslationsController::modifyTranslationsAction","_legacy_controller":"AdminTranslations","_route":"admin_international_translations_modify"},"request_uri":"https://localhost/adminpanel/index.php/improve/international/translations/modify?form%5B_token%5D=Q_BSQ7_xNxdQFHEtmInkrlCAKs03KPJwVENsJzbwe0E&form%5Blanguage%5D=pl&form%5Btranslation_type%5D=modules","method":"GET"} []
[2023-11-27 01:32:15] security.DEBUG: Read existing security token from the session. {"key":"_security_main","token_class":"Symfony\\Component\\Security\\Core\\Authentication\\Token\\UsernamePasswordToken"} []
[2023-11-27 01:32:15] security.DEBUG: User was reloaded from a user provider. {"provider":"PrestaShopBundle\\Security\\Admin\\EmployeeProvider","username":"test@example.com"} []
[2023-11-27 01:32:15] request.CRITICAL: Uncaught PHP Exception Symfony\Component\Debug\Exception\FatalThrowableError: "Type error: Argument 1 passed to Doctrine\Common\Cache\CacheProvider::getNamespacedId() must be of the type string, null given, called in /var/www/html/vendor/doctrine/cache/lib/Doctrine/Common/Cache/CacheProvider.php on line 107" at /var/www/html/vendor/doctrine/cache/lib/Doctrine/Common/Cache/CacheProvider.php line 174 {"exception":"[object] (Symfony\\Component\\Debug\\Exception\\FatalThrowableError(code: 0): Type error: Argument 1 passed to Doctrine\\Common\\Cache\\CacheProvider::getNamespacedId() must be of the type string, null given, called in /var/www/html/vendor/doctrine/cache/lib/Doctrine/Common/Cache/CacheProvider.php on line 107 at /var/www/html/vendor/doctrine/cache/lib/Doctrine/Common/Cache/CacheProvider.php:174)"} []
[2023-11-27 01:32:15] security.DEBUG: Stored the security token in the session. {"key":"_security_main"} []
[2023-11-27 01:34:30] request.INFO: Matched route "api_translation_value_edit". {"route":"api_translation_value_edit","route_parameters":{"_controller":"prestashop.core.api.translation.controller:translationEditAction","_legacy_controller":"AdminTranslations","_route":"api_translation_value_edit"},"request_uri":"https://localhost/adminpanel/index.php/api/translations/edit?_token=v6y9279qCnT9mqfwp1p5m9LVAoZAL6HBdaRHOyJdTTU","method":"POST"} []
[2023-11-27 01:34:30] security.DEBUG: Read existing security token from the session. {"key":"_security_main","token_class":"Symfony\\Component\\Security\\Core\\Authentication\\Token\\UsernamePasswordToken"} []
[2023-11-27 01:34:30] security.DEBUG: User was reloaded from a user provider. {"provider":"PrestaShopBundle\\Security\\Admin\\EmployeeProvider","username":"test@example.com"} []
[2023-11-27 01:34:30] app.ERROR: No result was found for query although at least one row was expected. {"object_type":"Translation"} []
[2023-11-27 01:34:30] app.ERROR: No result was found for query although at least one row was expected. {"object_type":"Translation"} []
[2023-11-27 01:34:30] cache.WARNING: Failed to clear the cache {"exception":"[object] (UnexpectedValueException(code: 0): RecursiveDirectoryIterator::__construct(/var/www/html/var/cache/prod/pools/oF4uGKF1Zr/): failed to open dir: No such file or directory at /var/www/html/vendor/symfony/symfony/src/Symfony/Component/Cache/Traits/FilesystemCommonTrait.php:58)"} []
[2023-11-27 01:34:30] cache.WARNING: Failed to clear the cache {"exception":"[object] (UnexpectedValueException(code: 0): RecursiveDirectoryIterator::__construct(/var/www/html/var/cache/prod/pools/k0V7XpDK96/): failed to open dir: No such file or directory at /var/www/html/vendor/symfony/symfony/src/Symfony/Component/Cache/Traits/FilesystemCommonTrait.php:58)"} []
[2023-11-27 01:34:30] cache.WARNING: Failed to clear the cache {"exception":"[object] (UnexpectedValueException(code: 0): RecursiveDirectoryIterator::__construct(/var/www/html/var/cache/prod/pools/+si9XZUmcI/): failed to open dir: No such file or directory at /var/www/html/vendor/symfony/symfony/src/Symfony/Component/Cache/Traits/FilesystemCommonTrait.php:58)"} []
[2023-11-27 01:34:30] cache.WARNING: Failed to clear the cache {"exception":"[object] (UnexpectedValueException(code: 0): RecursiveDirectoryIterator::__construct(/var/www/html/var/cache/prod/pools/o2NSV3WKIW/): failed to open dir: No such file or directory at /var/www/html/vendor/symfony/symfony/src/Symfony/Component/Cache/Traits/FilesystemCommonTrait.php:58)"} []
[2023-11-27 01:34:30] security.DEBUG: Stored the security token in the session. {"key":"_security_main"} []
